  Üb1Aufg3-main.cpp
c:\users\x220\documents\visual studio 2015\projects\prog2ss19fügenschuh\üb1prog2baufg3\üb1aufg3-main.cpp(9): error C2679: Binärer Operator "=": Es konnte kein Operator gefunden werden, der einen rechtsseitigen Operanden vom Typ "KlasseA *" akzeptiert (oder keine geeignete Konvertierung möglich)
  c:\users\x220\documents\visual studio 2015\projects\prog2ss19fügenschuh\üb1prog2baufg3\klassea.h(12): note: kann "KlasseA &KlasseA::operator =(KlasseA &&)" sein
  c:\users\x220\documents\visual studio 2015\projects\prog2ss19fügenschuh\üb1prog2baufg3\klassea.h(12): note: oder "KlasseA &KlasseA::operator =(const KlasseA &)"
  c:\users\x220\documents\visual studio 2015\projects\prog2ss19fügenschuh\üb1prog2baufg3\üb1aufg3-main.cpp(9): note: bei Anpassung der Argumentliste "(KlasseA, KlasseA *)"
c:\users\x220\documents\visual studio 2015\projects\prog2ss19fügenschuh\üb1prog2baufg3\üb1aufg3-main.cpp(10): error C2440: "delete": "KlasseA" kann nicht in "void*" konvertiert werden
  c:\users\x220\documents\visual studio 2015\projects\prog2ss19fügenschuh\üb1prog2baufg3\üb1aufg3-main.cpp(10): note: Kein benutzerdefinierter Konvertierungsoperator verfügbar, der diese Konvertierung durchführen kann, oder der Operator kann nicht aufgerufen werden
c:\users\x220\documents\visual studio 2015\projects\prog2ss19fügenschuh\üb1prog2baufg3\üb1aufg3-main.cpp(11): error C2679: Binärer Operator "=": Es konnte kein Operator gefunden werden, der einen rechtsseitigen Operanden vom Typ "KlasseB *" akzeptiert (oder keine geeignete Konvertierung möglich)
  c:\users\x220\documents\visual studio 2015\projects\prog2ss19fügenschuh\üb1prog2baufg3\klassea.h(12): note: kann "KlasseA &KlasseA::operator =(KlasseA &&)" sein
  c:\users\x220\documents\visual studio 2015\projects\prog2ss19fügenschuh\üb1prog2baufg3\klassea.h(12): note: oder "KlasseA &KlasseA::operator =(const KlasseA &)"
  c:\users\x220\documents\visual studio 2015\projects\prog2ss19fügenschuh\üb1prog2baufg3\üb1aufg3-main.cpp(11): note: bei Anpassung der Argumentliste "(KlasseA, KlasseB *)"
c:\users\x220\documents\visual studio 2015\projects\prog2ss19fügenschuh\üb1prog2baufg3\üb1aufg3-main.cpp(12): error C2679: Binärer Operator "=": Es konnte kein Operator gefunden werden, der einen rechtsseitigen Operanden vom Typ "KlasseB *" akzeptiert (oder keine geeignete Konvertierung möglich)
  c:\users\x220\documents\visual studio 2015\projects\prog2ss19fügenschuh\üb1prog2baufg3\klassea.h(21): note: kann "KlasseB &KlasseB::operator =(KlasseB &&)" sein
  c:\users\x220\documents\visual studio 2015\projects\prog2ss19fügenschuh\üb1prog2baufg3\klassea.h(21): note: oder "KlasseB &KlasseB::operator =(const KlasseB &)"
  c:\users\x220\documents\visual studio 2015\projects\prog2ss19fügenschuh\üb1prog2baufg3\üb1aufg3-main.cpp(12): note: bei Anpassung der Argumentliste "(KlasseB, KlasseB *)"
c:\users\x220\documents\visual studio 2015\projects\prog2ss19fügenschuh\üb1prog2baufg3\üb1aufg3-main.cpp(13): error C2018: Unbekanntes Zeichen "0x3"
c:\users\x220\documents\visual studio 2015\projects\prog2ss19fügenschuh\üb1prog2baufg3\üb1aufg3-main.cpp(14): error C2679: Binärer Operator "=": Es konnte kein Operator gefunden werden, der einen rechtsseitigen Operanden vom Typ "KlasseA" akzeptiert (oder keine geeignete Konvertierung möglich)
  c:\users\x220\documents\visual studio 2015\projects\prog2ss19fügenschuh\üb1prog2baufg3\klassea.h(21): note: kann "KlasseB &KlasseB::operator =(KlasseB &&)" sein
  c:\users\x220\documents\visual studio 2015\projects\prog2ss19fügenschuh\üb1prog2baufg3\klassea.h(21): note: oder "KlasseB &KlasseB::operator =(const KlasseB &)"
  c:\users\x220\documents\visual studio 2015\projects\prog2ss19fügenschuh\üb1prog2baufg3\üb1aufg3-main.cpp(14): note: bei Anpassung der Argumentliste "(KlasseB, KlasseA)"
c:\users\x220\documents\visual studio 2015\projects\prog2ss19fügenschuh\üb1prog2baufg3\üb1aufg3-main.cpp(15): error C2018: Unbekanntes Zeichen "0x3"
c:\users\x220\documents\visual studio 2015\projects\prog2ss19fügenschuh\üb1prog2baufg3\üb1aufg3-main.cpp(16): error C2440: "delete": "KlasseA" kann nicht in "void*" konvertiert werden
  c:\users\x220\documents\visual studio 2015\projects\prog2ss19fügenschuh\üb1prog2baufg3\üb1aufg3-main.cpp(16): note: Kein benutzerdefinierter Konvertierungsoperator verfügbar, der diese Konvertierung durchführen kann, oder der Operator kann nicht aufgerufen werden
c:\users\x220\documents\visual studio 2015\projects\prog2ss19fügenschuh\üb1prog2baufg3\üb1aufg3-main.cpp(17): error C2679: Binärer Operator "=": Es konnte kein Operator gefunden werden, der einen rechtsseitigen Operanden vom Typ "KlasseA *" akzeptiert (oder keine geeignete Konvertierung möglich)
  c:\users\x220\documents\visual studio 2015\projects\prog2ss19fügenschuh\üb1prog2baufg3\klassea.h(12): note: kann "KlasseA &KlasseA::operator =(KlasseA &&)" sein
  c:\users\x220\documents\visual studio 2015\projects\prog2ss19fügenschuh\üb1prog2baufg3\klassea.h(12): note: oder "KlasseA &KlasseA::operator =(const KlasseA &)"
  c:\users\x220\documents\visual studio 2015\projects\prog2ss19fügenschuh\üb1prog2baufg3\üb1aufg3-main.cpp(17): note: bei Anpassung der Argumentliste "(KlasseA, KlasseA *)"
c:\users\x220\documents\visual studio 2015\projects\prog2ss19fügenschuh\üb1prog2baufg3\üb1aufg3-main.cpp(18): error C2679: Binärer Operator "=": Es konnte kein Operator gefunden werden, der einen rechtsseitigen Operanden vom Typ "KlasseA" akzeptiert (oder keine geeignete Konvertierung möglich)
  c:\users\x220\documents\visual studio 2015\projects\prog2ss19fügenschuh\üb1prog2baufg3\klassea.h(21): note: kann "KlasseB &KlasseB::operator =(KlasseB &&)" sein
  c:\users\x220\documents\visual studio 2015\projects\prog2ss19fügenschuh\üb1prog2baufg3\klassea.h(21): note: oder "KlasseB &KlasseB::operator =(const KlasseB &)"
  c:\users\x220\documents\visual studio 2015\projects\prog2ss19fügenschuh\üb1prog2baufg3\üb1aufg3-main.cpp(18): note: bei Anpassung der Argumentliste "(KlasseB, KlasseA)"
c:\users\x220\documents\visual studio 2015\projects\prog2ss19fügenschuh\üb1prog2baufg3\üb1aufg3-main.cpp(19): error C2679: Binärer Operator "=": Es konnte kein Operator gefunden werden, der einen rechtsseitigen Operanden vom Typ "KlasseB *" akzeptiert (oder keine geeignete Konvertierung möglich)
  c:\users\x220\documents\visual studio 2015\projects\prog2ss19fügenschuh\üb1prog2baufg3\klassea.h(12): note: kann "KlasseA &KlasseA::operator =(KlasseA &&)" sein
  c:\users\x220\documents\visual studio 2015\projects\prog2ss19fügenschuh\üb1prog2baufg3\klassea.h(12): note: oder "KlasseA &KlasseA::operator =(const KlasseA &)"
  c:\users\x220\documents\visual studio 2015\projects\prog2ss19fügenschuh\üb1prog2baufg3\üb1aufg3-main.cpp(19): note: bei Anpassung der Argumentliste "(KlasseA, KlasseB *)"
c:\users\x220\documents\visual studio 2015\projects\prog2ss19fügenschuh\üb1prog2baufg3\üb1aufg3-main.cpp(20): error C2018: Unbekanntes Zeichen "0x3"
c:\users\x220\documents\visual studio 2015\projects\prog2ss19fügenschuh\üb1prog2baufg3\üb1aufg3-main.cpp(21): error C2018: Unbekanntes Zeichen "0x3"
c:\users\x220\documents\visual studio 2015\projects\prog2ss19fügenschuh\üb1prog2baufg3\üb1aufg3-main.cpp(21): error C2679: Binärer Operator "=": Es konnte kein Operator gefunden werden, der einen rechtsseitigen Operanden vom Typ "KlasseA" akzeptiert (oder keine geeignete Konvertierung möglich)
  c:\users\x220\documents\visual studio 2015\projects\prog2ss19fügenschuh\üb1prog2baufg3\klassea.h(21): note: kann "KlasseB &KlasseB::operator =(KlasseB &&)" sein
  c:\users\x220\documents\visual studio 2015\projects\prog2ss19fügenschuh\üb1prog2baufg3\klassea.h(21): note: oder "KlasseB &KlasseB::operator =(const KlasseB &)"
  c:\users\x220\documents\visual studio 2015\projects\prog2ss19fügenschuh\üb1prog2baufg3\üb1aufg3-main.cpp(21): note: bei Anpassung der Argumentliste "(KlasseB, KlasseA)"
c:\users\x220\documents\visual studio 2015\projects\prog2ss19fügenschuh\üb1prog2baufg3\üb1aufg3-main.cpp(22): error C2018: Unbekanntes Zeichen "0x3"
c:\users\x220\documents\visual studio 2015\projects\prog2ss19fügenschuh\üb1prog2baufg3\üb1aufg3-main.cpp(23): error C2018: Unbekanntes Zeichen "0x3"
c:\users\x220\documents\visual studio 2015\projects\prog2ss19fügenschuh\üb1prog2baufg3\üb1aufg3-main.cpp(24): error C2440: "delete": "KlasseB" kann nicht in "void*" konvertiert werden
  c:\users\x220\documents\visual studio 2015\projects\prog2ss19fügenschuh\üb1prog2baufg3\üb1aufg3-main.cpp(24): note: Kein benutzerdefinierter Konvertierungsoperator verfügbar, der diese Konvertierung durchführen kann, oder der Operator kann nicht aufgerufen werden
c:\users\x220\documents\visual studio 2015\projects\prog2ss19fügenschuh\üb1prog2baufg3\üb1aufg3-main.cpp(25): error C2679: Binärer Operator "=": Es konnte kein Operator gefunden werden, der einen rechtsseitigen Operanden vom Typ "KlasseA *" akzeptiert (oder keine geeignete Konvertierung möglich)
  c:\users\x220\documents\visual studio 2015\projects\prog2ss19fügenschuh\üb1prog2baufg3\klassea.h(21): note: kann "KlasseB &KlasseB::operator =(KlasseB &&)" sein
  c:\users\x220\documents\visual studio 2015\projects\prog2ss19fügenschuh\üb1prog2baufg3\klassea.h(21): note: oder "KlasseB &KlasseB::operator =(const KlasseB &)"
  c:\users\x220\documents\visual studio 2015\projects\prog2ss19fügenschuh\üb1prog2baufg3\üb1aufg3-main.cpp(25): note: bei Anpassung der Argumentliste "(KlasseB, KlasseA *)"
c:\users\x220\documents\visual studio 2015\projects\prog2ss19fügenschuh\üb1prog2baufg3\üb1aufg3-main.cpp(26): error C2018: Unbekanntes Zeichen "0x3"
c:\users\x220\documents\visual studio 2015\projects\prog2ss19fügenschuh\üb1prog2baufg3\üb1aufg3-main.cpp(26): error C2440: "Initialisierung": "KlasseA *" kann nicht in "KlasseA" konvertiert werden
  c:\users\x220\documents\visual studio 2015\projects\prog2ss19fügenschuh\üb1prog2baufg3\üb1aufg3-main.cpp(26): note: Quelltyp konnte von keinem Konstruktor angenommen werden, oder die Überladungsauflösung des Konstruktors ist mehrdeutig
c:\users\x220\documents\visual studio 2015\projects\prog2ss19fügenschuh\üb1prog2baufg3\üb1aufg3-main.cpp(26): error C2440: "Initialisierung": "KlasseB *" kann nicht in "KlasseA" konvertiert werden
  c:\users\x220\documents\visual studio 2015\projects\prog2ss19fügenschuh\üb1prog2baufg3\üb1aufg3-main.cpp(26): note: Quelltyp konnte von keinem Konstruktor angenommen werden, oder die Überladungsauflösung des Konstruktors ist mehrdeutig
c:\users\x220\documents\visual studio 2015\projects\prog2ss19fügenschuh\üb1prog2baufg3\üb1aufg3-main.cpp(28): error C2440: "delete": "KlasseA" kann nicht in "void*" konvertiert werden
  c:\users\x220\documents\visual studio 2015\projects\prog2ss19fügenschuh\üb1prog2baufg3\üb1aufg3-main.cpp(28): note: Kein benutzerdefinierter Konvertierungsoperator verfügbar, der diese Konvertierung durchführen kann, oder der Operator kann nicht aufgerufen werden
c:\users\x220\documents\visual studio 2015\projects\prog2ss19fügenschuh\üb1prog2baufg3\üb1aufg3-main.cpp(29): error C2440: "delete": "KlasseB" kann nicht in "void*" konvertiert werden
  c:\users\x220\documents\visual studio 2015\projects\prog2ss19fügenschuh\üb1prog2baufg3\üb1aufg3-main.cpp(29): note: Kein benutzerdefinierter Konvertierungsoperator verfügbar, der diese Konvertierung durchführen kann, oder der Operator kann nicht aufgerufen werden
  KlasseA.cpp
  Code wird generiert...
