  Punkt.cpp
c:\users\x220\documents\visual studio 2015\projects\prog2ss19fügenschuh\lsgaltklausur1prog2a\punkt.h(2): warning C4067: Unerwartete Token nach Präprozessordirektive - Zeilenvorschub erwartet.
  polygon.cpp
c:\users\x220\documents\visual studio 2015\projects\prog2ss19fügenschuh\lsgaltklausur1prog2a\polygon.h(2): warning C4067: Unerwartete Token nach Präprozessordirektive - Zeilenvorschub erwartet.
c:\users\x220\documents\visual studio 2015\projects\prog2ss19fügenschuh\lsgaltklausur1prog2a\polygon.h(3): error C2008: ".": unerwartetes Zeichen in Makrodefinition
c:\users\x220\documents\visual studio 2015\projects\prog2ss19fügenschuh\lsgaltklausur1prog2a\punkt.h(2): warning C4067: Unerwartete Token nach Präprozessordirektive - Zeilenvorschub erwartet.
c:\users\x220\documents\visual studio 2015\projects\prog2ss19fügenschuh\lsgaltklausur1prog2a\punkt.h(2): warning C4067: Unerwartete Token nach Präprozessordirektive - Zeilenvorschub erwartet.
c:\users\x220\documents\visual studio 2015\projects\prog2ss19fügenschuh\lsgaltklausur1prog2a\punkt.h(7): error C2011: "Punkt": "class" Typneudefinition
  c:\users\x220\documents\visual studio 2015\projects\prog2ss19fügenschuh\lsgaltklausur1prog2a\punkt.h(7): note: Siehe Deklaration von "Punkt"
c:\users\x220\documents\visual studio 2015\projects\prog2ss19fügenschuh\lsgaltklausur1prog2a\polygon.cpp(18): error C2084: Funktion "Polygon::Polygon(int)" hat bereits einen Funktionsrumpf
  c:\users\x220\documents\visual studio 2015\projects\prog2ss19fügenschuh\lsgaltklausur1prog2a\polygon.cpp(12): note: Siehe vorherige Definition von "{ctor}"
c:\users\x220\documents\visual studio 2015\projects\prog2ss19fügenschuh\lsgaltklausur1prog2a\polygon.cpp(21): warning C4244: "=": Konvertierung von "double" in "int", möglicher Datenverlust
c:\users\x220\documents\visual studio 2015\projects\prog2ss19fügenschuh\lsgaltklausur1prog2a\polygon.cpp(27): warning C4244: "=": Konvertierung von "double" in "int", möglicher Datenverlust
c:\users\x220\documents\visual studio 2015\projects\prog2ss19fügenschuh\lsgaltklausur1prog2a\polygon.cpp(70): error C2027: Verwendung des undefinierten Typs "Punkt"
  c:\users\x220\documents\visual studio 2015\projects\prog2ss19fügenschuh\lsgaltklausur1prog2a\punkt.h(7): note: Siehe Deklaration von "Punkt"
c:\users\x220\documents\visual studio 2015\projects\prog2ss19fügenschuh\lsgaltklausur1prog2a\polygon.cpp(71): error C2027: Verwendung des undefinierten Typs "Punkt"
  c:\users\x220\documents\visual studio 2015\projects\prog2ss19fügenschuh\lsgaltklausur1prog2a\punkt.h(7): note: Siehe Deklaration von "Punkt"
c:\users\x220\documents\visual studio 2015\projects\prog2ss19fügenschuh\lsgaltklausur1prog2a\polygon.cpp(71): error C2228: Links von ".getX" müssen sich in einer Klasse/Struktur/Union befinden
c:\users\x220\documents\visual studio 2015\projects\prog2ss19fügenschuh\lsgaltklausur1prog2a\polygon.cpp(71): error C2228: Links von ".getY" müssen sich in einer Klasse/Struktur/Union befinden
  polygon-main.cpp
  Code wird generiert...
