  Hexadezimal.cpp
c:\users\x220\documents\visual studio 2015\projects\prog2ss19fügenschuh\wdhprog2aüb2\hexadezimal.cpp(23): warning C4553: "==": Operator hat keine Auswirkungen; ist "=" beabsichtigt?
c:\users\x220\documents\visual studio 2015\projects\prog2ss19fügenschuh\wdhprog2aüb2\hexadezimal.cpp(26): warning C4553: "==": Operator hat keine Auswirkungen; ist "=" beabsichtigt?
c:\users\x220\documents\visual studio 2015\projects\prog2ss19fügenschuh\wdhprog2aüb2\hexadezimal.cpp(29): warning C4553: "==": Operator hat keine Auswirkungen; ist "=" beabsichtigt?
c:\users\x220\documents\visual studio 2015\projects\prog2ss19fügenschuh\wdhprog2aüb2\hexadezimal.cpp(32): warning C4553: "==": Operator hat keine Auswirkungen; ist "=" beabsichtigt?
c:\users\x220\documents\visual studio 2015\projects\prog2ss19fügenschuh\wdhprog2aüb2\hexadezimal.cpp(35): warning C4553: "==": Operator hat keine Auswirkungen; ist "=" beabsichtigt?
  Hexadezimal-main.cpp
c:\users\x220\documents\visual studio 2015\projects\prog2ss19fügenschuh\wdhprog2aüb2\hexadezimal-main.cpp(9): error C2678: Binärer Operator "!=": Es konnte kein Operator gefunden werden, der einen linksseitigen Operanden vom Typ "Hexadezimal" akzeptiert (oder keine geeignete Konvertierung möglich)
  c:\program files (x86)\microsoft visual studio 14.0\vc\include\system_error(419): note: kann "bool std::operator !=(const std::error_condition &,const std::error_condition &) noexcept" sein
  c:\program files (x86)\microsoft visual studio 14.0\vc\include\system_error(412): note: oder "bool std::operator !=(const std::error_condition &,const std::error_code &) noexcept"
  c:\program files (x86)\microsoft visual studio 14.0\vc\include\system_error(405): note: oder "bool std::operator !=(const std::error_code &,const std::error_condition &) noexcept"
  c:\program files (x86)\microsoft visual studio 14.0\vc\include\system_error(398): note: oder "bool std::operator !=(const std::error_code &,const std::error_code &) noexcept"
  c:\program files (x86)\microsoft visual studio 14.0\vc\include\exception(354): note: oder "bool std::operator !=(const std::exception_ptr &,std::nullptr_t) throw()"
  c:\program files (x86)\microsoft visual studio 14.0\vc\include\exception(349): note: oder "bool std::operator !=(std::nullptr_t,const std::exception_ptr &) throw()"
  c:\program files (x86)\microsoft visual studio 14.0\vc\include\exception(344): note: oder "bool std::operator !=(const std::exception_ptr &,const std::exception_ptr &) throw()"
  c:\users\x220\documents\visual studio 2015\projects\prog2ss19fügenschuh\wdhprog2aüb2\hexadezimal-main.cpp(9): note: bei Anpassung der Argumentliste "(Hexadezimal, Hexadezimal)"
c:\users\x220\documents\visual studio 2015\projects\prog2ss19fügenschuh\wdhprog2aüb2\hexadezimal-main.cpp(12): error C2679: Binärer Operator "<<": Es konnte kein Operator gefunden werden, der einen rechtsseitigen Operanden vom Typ "Hexadezimal" akzeptiert (oder keine geeignete Konvertierung möglich)
  c:\program files (x86)\microsoft visual studio 14.0\vc\include\ostream(495): note: kann "std::basic_ostream<char,std::char_traits<char>> &std::basic_ostream<char,std::char_traits<char>>::operator <<(std::basic_streambuf<char,std::char_traits<char>> *)" sein
  c:\program files (x86)\microsoft visual studio 14.0\vc\include\ostream(475): note: oder "std::basic_ostream<char,std::char_traits<char>> &std::basic_ostream<char,std::char_traits<char>>::operator <<(const void *)"
  c:\program files (x86)\microsoft visual studio 14.0\vc\include\ostream(455): note: oder "std::basic_ostream<char,std::char_traits<char>> &std::basic_ostream<char,std::char_traits<char>>::operator <<(long double)"
  c:\program files (x86)\microsoft visual studio 14.0\vc\include\ostream(435): note: oder "std::basic_ostream<char,std::char_traits<char>> &std::basic_ostream<char,std::char_traits<char>>::operator <<(double)"
  c:\program files (x86)\microsoft visual studio 14.0\vc\include\ostream(415): note: oder "std::basic_ostream<char,std::char_traits<char>> &std::basic_ostream<char,std::char_traits<char>>::operator <<(float)"
  c:\program files (x86)\microsoft visual studio 14.0\vc\include\ostream(395): note: oder "std::basic_ostream<char,std::char_traits<char>> &std::basic_ostream<char,std::char_traits<char>>::operator <<(unsigned __int64)"
  c:\program files (x86)\microsoft visual studio 14.0\vc\include\ostream(375): note: oder "std::basic_ostream<char,std::char_traits<char>> &std::basic_ostream<char,std::char_traits<char>>::operator <<(__int64)"
  c:\program files (x86)\microsoft visual studio 14.0\vc\include\ostream(355): note: oder "std::basic_ostream<char,std::char_traits<char>> &std::basic_ostream<char,std::char_traits<char>>::operator <<(unsigned long)"
  c:\program files (x86)\microsoft visual studio 14.0\vc\include\ostream(335): note: oder "std::basic_ostream<char,std::char_traits<char>> &std::basic_ostream<char,std::char_traits<char>>::operator <<(long)"
  c:\program files (x86)\microsoft visual studio 14.0\vc\include\ostream(315): note: oder "std::basic_ostream<char,std::char_traits<char>> &std::basic_ostream<char,std::char_traits<char>>::operator <<(unsigned int)"
  c:\program files (x86)\microsoft visual studio 14.0\vc\include\ostream(290): note: oder "std::basic_ostream<char,std::char_traits<char>> &std::basic_ostream<char,std::char_traits<char>>::operator <<(int)"
  c:\program files (x86)\microsoft visual studio 14.0\vc\include\ostream(270): note: oder "std::basic_ostream<char,std::char_traits<char>> &std::basic_ostream<char,std::char_traits<char>>::operator <<(unsigned short)"
  c:\program files (x86)\microsoft visual studio 14.0\vc\include\ostream(236): note: oder "std::basic_ostream<char,std::char_traits<char>> &std::basic_ostream<char,std::char_traits<char>>::operator <<(short)"
  c:\program files (x86)\microsoft visual studio 14.0\vc\include\ostream(216): note: oder "std::basic_ostream<char,std::char_traits<char>> &std::basic_ostream<char,std::char_traits<char>>::operator <<(bool)"
  c:\program files (x86)\microsoft visual studio 14.0\vc\include\ostream(209): note: oder "std::basic_ostream<char,std::char_traits<char>> &std::basic_ostream<char,std::char_traits<char>>::operator <<(std::ios_base &(__cdecl *)(std::ios_base &))"
  c:\program files (x86)\microsoft visual studio 14.0\vc\include\ostream(202): note: oder "std::basic_ostream<char,std::char_traits<char>> &std::basic_ostream<char,std::char_traits<char>>::operator <<(std::basic_ios<char,std::char_traits<char>> &(__cdecl *)(std::basic_ios<char,std::char_traits<char>> &))"
  c:\program files (x86)\microsoft visual studio 14.0\vc\include\ostream(196): note: oder "std::basic_ostream<char,std::char_traits<char>> &std::basic_ostream<char,std::char_traits<char>>::operator <<(std::basic_ostream<char,std::char_traits<char>> &(__cdecl *)(std::basic_ostream<char,std::char_traits<char>> &))"
  c:\program files (x86)\microsoft visual studio 14.0\vc\include\ostream(1019): note: oder "std::basic_ostream<char,std::char_traits<char>> &std::operator <<<char,std::char_traits<char>>(std::basic_ostream<char,std::char_traits<char>> &,const std::error_code &)"
  c:\program files (x86)\microsoft visual studio 14.0\vc\include\ostream(981): note: oder "std::basic_ostream<char,std::char_traits<char>> &std::operator <<<char,std::char_traits<char>,Hexadezimal>(std::basic_ostream<char,std::char_traits<char>> &&,const _Ty &)"
          with
          [
              _Ty=Hexadezimal
          ]
  c:\program files (x86)\microsoft visual studio 14.0\vc\include\ostream(971): note: oder "std::basic_ostream<char,std::char_traits<char>> &std::operator <<<std::char_traits<char>>(std::basic_ostream<char,std::char_traits<char>> &,unsigned char)"
  c:\program files (x86)\microsoft visual studio 14.0\vc\include\ostream(964): note: oder "std::basic_ostream<char,std::char_traits<char>> &std::operator <<<std::char_traits<char>>(std::basic_ostream<char,std::char_traits<char>> &,const unsigned char *)"
  c:\program files (x86)\microsoft visual studio 14.0\vc\include\ostream(957): note: oder "std::basic_ostream<char,std::char_traits<char>> &std::operator <<<std::char_traits<char>>(std::basic_ostream<char,std::char_traits<char>> &,signed char)"
  c:\program files (x86)\microsoft visual studio 14.0\vc\include\ostream(950): note: oder "std::basic_ostream<char,std::char_traits<char>> &std::operator <<<std::char_traits<char>>(std::basic_ostream<char,std::char_traits<char>> &,const signed char *)"
  c:\program files (x86)\microsoft visual studio 14.0\vc\include\ostream(824): note: oder "std::basic_ostream<char,std::char_traits<char>> &std::operator <<<std::char_traits<char>>(std::basic_ostream<char,std::char_traits<char>> &,char)"
  c:\program files (x86)\microsoft visual studio 14.0\vc\include\ostream(777): note: oder "std::basic_ostream<char,std::char_traits<char>> &std::operator <<<std::char_traits<char>>(std::basic_ostream<char,std::char_traits<char>> &,const char *)"
  c:\program files (x86)\microsoft visual studio 14.0\vc\include\ostream(739): note: oder "std::basic_ostream<char,std::char_traits<char>> &std::operator <<<char,std::char_traits<char>>(std::basic_ostream<char,std::char_traits<char>> &,char)"
  c:\program files (x86)\microsoft visual studio 14.0\vc\include\ostream(692): note: oder "std::basic_ostream<char,std::char_traits<char>> &std::operator <<<char,std::char_traits<char>>(std::basic_ostream<char,std::char_traits<char>> &,const char *)"
  c:\users\x220\documents\visual studio 2015\projects\prog2ss19fügenschuh\wdhprog2aüb2\hexadezimal-main.cpp(12): note: bei Anpassung der Argumentliste "(std::ostream, Hexadezimal)"
c:\users\x220\documents\visual studio 2015\projects\prog2ss19fügenschuh\wdhprog2aüb2\hexadezimal-main.cpp(14): error C2512: "Hexadezimal": Kein geeigneter Standardkonstruktor verfügbar
c:\users\x220\documents\visual studio 2015\projects\prog2ss19fügenschuh\wdhprog2aüb2\hexadezimal-main.cpp(18): error C2678: Binärer Operator "!=": Es konnte kein Operator gefunden werden, der einen linksseitigen Operanden vom Typ "Hexadezimal" akzeptiert (oder keine geeignete Konvertierung möglich)
  c:\program files (x86)\microsoft visual studio 14.0\vc\include\system_error(419): note: kann "bool std::operator !=(const std::error_condition &,const std::error_condition &) noexcept" sein
  c:\program files (x86)\microsoft visual studio 14.0\vc\include\system_error(412): note: oder "bool std::operator !=(const std::error_condition &,const std::error_code &) noexcept"
  c:\program files (x86)\microsoft visual studio 14.0\vc\include\system_error(405): note: oder "bool std::operator !=(const std::error_code &,const std::error_condition &) noexcept"
  c:\program files (x86)\microsoft visual studio 14.0\vc\include\system_error(398): note: oder "bool std::operator !=(const std::error_code &,const std::error_code &) noexcept"
  c:\program files (x86)\microsoft visual studio 14.0\vc\include\exception(354): note: oder "bool std::operator !=(const std::exception_ptr &,std::nullptr_t) throw()"
  c:\program files (x86)\microsoft visual studio 14.0\vc\include\exception(349): note: oder "bool std::operator !=(std::nullptr_t,const std::exception_ptr &) throw()"
  c:\program files (x86)\microsoft visual studio 14.0\vc\include\exception(344): note: oder "bool std::operator !=(const std::exception_ptr &,const std::exception_ptr &) throw()"
  c:\users\x220\documents\visual studio 2015\projects\prog2ss19fügenschuh\wdhprog2aüb2\hexadezimal-main.cpp(18): note: bei Anpassung der Argumentliste "(Hexadezimal, Hexadezimal)"
c:\users\x220\documents\visual studio 2015\projects\prog2ss19fügenschuh\wdhprog2aüb2\hexadezimal-main.cpp(19): error C2679: Binärer Operator "<<": Es konnte kein Operator gefunden werden, der einen rechtsseitigen Operanden vom Typ "Hexadezimal" akzeptiert (oder keine geeignete Konvertierung möglich)
  c:\program files (x86)\microsoft visual studio 14.0\vc\include\ostream(495): note: kann "std::basic_ostream<char,std::char_traits<char>> &std::basic_ostream<char,std::char_traits<char>>::operator <<(std::basic_streambuf<char,std::char_traits<char>> *)" sein
  c:\program files (x86)\microsoft visual studio 14.0\vc\include\ostream(475): note: oder "std::basic_ostream<char,std::char_traits<char>> &std::basic_ostream<char,std::char_traits<char>>::operator <<(const void *)"
  c:\program files (x86)\microsoft visual studio 14.0\vc\include\ostream(455): note: oder "std::basic_ostream<char,std::char_traits<char>> &std::basic_ostream<char,std::char_traits<char>>::operator <<(long double)"
  c:\program files (x86)\microsoft visual studio 14.0\vc\include\ostream(435): note: oder "std::basic_ostream<char,std::char_traits<char>> &std::basic_ostream<char,std::char_traits<char>>::operator <<(double)"
  c:\program files (x86)\microsoft visual studio 14.0\vc\include\ostream(415): note: oder "std::basic_ostream<char,std::char_traits<char>> &std::basic_ostream<char,std::char_traits<char>>::operator <<(float)"
  c:\program files (x86)\microsoft visual studio 14.0\vc\include\ostream(395): note: oder "std::basic_ostream<char,std::char_traits<char>> &std::basic_ostream<char,std::char_traits<char>>::operator <<(unsigned __int64)"
  c:\program files (x86)\microsoft visual studio 14.0\vc\include\ostream(375): note: oder "std::basic_ostream<char,std::char_traits<char>> &std::basic_ostream<char,std::char_traits<char>>::operator <<(__int64)"
  c:\program files (x86)\microsoft visual studio 14.0\vc\include\ostream(355): note: oder "std::basic_ostream<char,std::char_traits<char>> &std::basic_ostream<char,std::char_traits<char>>::operator <<(unsigned long)"
  c:\program files (x86)\microsoft visual studio 14.0\vc\include\ostream(335): note: oder "std::basic_ostream<char,std::char_traits<char>> &std::basic_ostream<char,std::char_traits<char>>::operator <<(long)"
  c:\program files (x86)\microsoft visual studio 14.0\vc\include\ostream(315): note: oder "std::basic_ostream<char,std::char_traits<char>> &std::basic_ostream<char,std::char_traits<char>>::operator <<(unsigned int)"
  c:\program files (x86)\microsoft visual studio 14.0\vc\include\ostream(290): note: oder "std::basic_ostream<char,std::char_traits<char>> &std::basic_ostream<char,std::char_traits<char>>::operator <<(int)"
  c:\program files (x86)\microsoft visual studio 14.0\vc\include\ostream(270): note: oder "std::basic_ostream<char,std::char_traits<char>> &std::basic_ostream<char,std::char_traits<char>>::operator <<(unsigned short)"
  c:\program files (x86)\microsoft visual studio 14.0\vc\include\ostream(236): note: oder "std::basic_ostream<char,std::char_traits<char>> &std::basic_ostream<char,std::char_traits<char>>::operator <<(short)"
  c:\program files (x86)\microsoft visual studio 14.0\vc\include\ostream(216): note: oder "std::basic_ostream<char,std::char_traits<char>> &std::basic_ostream<char,std::char_traits<char>>::operator <<(bool)"
  c:\program files (x86)\microsoft visual studio 14.0\vc\include\ostream(209): note: oder "std::basic_ostream<char,std::char_traits<char>> &std::basic_ostream<char,std::char_traits<char>>::operator <<(std::ios_base &(__cdecl *)(std::ios_base &))"
  c:\program files (x86)\microsoft visual studio 14.0\vc\include\ostream(202): note: oder "std::basic_ostream<char,std::char_traits<char>> &std::basic_ostream<char,std::char_traits<char>>::operator <<(std::basic_ios<char,std::char_traits<char>> &(__cdecl *)(std::basic_ios<char,std::char_traits<char>> &))"
  c:\program files (x86)\microsoft visual studio 14.0\vc\include\ostream(196): note: oder "std::basic_ostream<char,std::char_traits<char>> &std::basic_ostream<char,std::char_traits<char>>::operator <<(std::basic_ostream<char,std::char_traits<char>> &(__cdecl *)(std::basic_ostream<char,std::char_traits<char>> &))"
  c:\program files (x86)\microsoft visual studio 14.0\vc\include\ostream(1019): note: oder "std::basic_ostream<char,std::char_traits<char>> &std::operator <<<char,std::char_traits<char>>(std::basic_ostream<char,std::char_traits<char>> &,const std::error_code &)"
  c:\program files (x86)\microsoft visual studio 14.0\vc\include\ostream(981): note: oder "std::basic_ostream<char,std::char_traits<char>> &std::operator <<<char,std::char_traits<char>,Hexadezimal>(std::basic_ostream<char,std::char_traits<char>> &&,const _Ty &)"
          with
          [
              _Ty=Hexadezimal
          ]
  c:\program files (x86)\microsoft visual studio 14.0\vc\include\ostream(971): note: oder "std::basic_ostream<char,std::char_traits<char>> &std::operator <<<std::char_traits<char>>(std::basic_ostream<char,std::char_traits<char>> &,unsigned char)"
  c:\program files (x86)\microsoft visual studio 14.0\vc\include\ostream(964): note: oder "std::basic_ostream<char,std::char_traits<char>> &std::operator <<<std::char_traits<char>>(std::basic_ostream<char,std::char_traits<char>> &,const unsigned char *)"
  c:\program files (x86)\microsoft visual studio 14.0\vc\include\ostream(957): note: oder "std::basic_ostream<char,std::char_traits<char>> &std::operator <<<std::char_traits<char>>(std::basic_ostream<char,std::char_traits<char>> &,signed char)"
  c:\program files (x86)\microsoft visual studio 14.0\vc\include\ostream(950): note: oder "std::basic_ostream<char,std::char_traits<char>> &std::operator <<<std::char_traits<char>>(std::basic_ostream<char,std::char_traits<char>> &,const signed char *)"
  c:\program files (x86)\microsoft visual studio 14.0\vc\include\ostream(824): note: oder "std::basic_ostream<char,std::char_traits<char>> &std::operator <<<std::char_traits<char>>(std::basic_ostream<char,std::char_traits<char>> &,char)"
  c:\program files (x86)\microsoft visual studio 14.0\vc\include\ostream(777): note: oder "std::basic_ostream<char,std::char_traits<char>> &std::operator <<<std::char_traits<char>>(std::basic_ostream<char,std::char_traits<char>> &,const char *)"
  c:\program files (x86)\microsoft visual studio 14.0\vc\include\ostream(739): note: oder "std::basic_ostream<char,std::char_traits<char>> &std::operator <<<char,std::char_traits<char>>(std::basic_ostream<char,std::char_traits<char>> &,char)"
  c:\program files (x86)\microsoft visual studio 14.0\vc\include\ostream(692): note: oder "std::basic_ostream<char,std::char_traits<char>> &std::operator <<<char,std::char_traits<char>>(std::basic_ostream<char,std::char_traits<char>> &,const char *)"
  c:\users\x220\documents\visual studio 2015\projects\prog2ss19fügenschuh\wdhprog2aüb2\hexadezimal-main.cpp(19): note: bei Anpassung der Argumentliste "(std::ostream, Hexadezimal)"
c:\users\x220\documents\visual studio 2015\projects\prog2ss19fügenschuh\wdhprog2aüb2\hexadezimal-main.cpp(22): error C2679: Binärer Operator "<<": Es konnte kein Operator gefunden werden, der einen rechtsseitigen Operanden vom Typ "Hexadezimal" akzeptiert (oder keine geeignete Konvertierung möglich)
  c:\program files (x86)\microsoft visual studio 14.0\vc\include\ostream(495): note: kann "std::basic_ostream<char,std::char_traits<char>> &std::basic_ostream<char,std::char_traits<char>>::operator <<(std::basic_streambuf<char,std::char_traits<char>> *)" sein
  c:\program files (x86)\microsoft visual studio 14.0\vc\include\ostream(475): note: oder "std::basic_ostream<char,std::char_traits<char>> &std::basic_ostream<char,std::char_traits<char>>::operator <<(const void *)"
  c:\program files (x86)\microsoft visual studio 14.0\vc\include\ostream(455): note: oder "std::basic_ostream<char,std::char_traits<char>> &std::basic_ostream<char,std::char_traits<char>>::operator <<(long double)"
  c:\program files (x86)\microsoft visual studio 14.0\vc\include\ostream(435): note: oder "std::basic_ostream<char,std::char_traits<char>> &std::basic_ostream<char,std::char_traits<char>>::operator <<(double)"
  c:\program files (x86)\microsoft visual studio 14.0\vc\include\ostream(415): note: oder "std::basic_ostream<char,std::char_traits<char>> &std::basic_ostream<char,std::char_traits<char>>::operator <<(float)"
  c:\program files (x86)\microsoft visual studio 14.0\vc\include\ostream(395): note: oder "std::basic_ostream<char,std::char_traits<char>> &std::basic_ostream<char,std::char_traits<char>>::operator <<(unsigned __int64)"
  c:\program files (x86)\microsoft visual studio 14.0\vc\include\ostream(375): note: oder "std::basic_ostream<char,std::char_traits<char>> &std::basic_ostream<char,std::char_traits<char>>::operator <<(__int64)"
  c:\program files (x86)\microsoft visual studio 14.0\vc\include\ostream(355): note: oder "std::basic_ostream<char,std::char_traits<char>> &std::basic_ostream<char,std::char_traits<char>>::operator <<(unsigned long)"
  c:\program files (x86)\microsoft visual studio 14.0\vc\include\ostream(335): note: oder "std::basic_ostream<char,std::char_traits<char>> &std::basic_ostream<char,std::char_traits<char>>::operator <<(long)"
  c:\program files (x86)\microsoft visual studio 14.0\vc\include\ostream(315): note: oder "std::basic_ostream<char,std::char_traits<char>> &std::basic_ostream<char,std::char_traits<char>>::operator <<(unsigned int)"
  c:\program files (x86)\microsoft visual studio 14.0\vc\include\ostream(290): note: oder "std::basic_ostream<char,std::char_traits<char>> &std::basic_ostream<char,std::char_traits<char>>::operator <<(int)"
  c:\program files (x86)\microsoft visual studio 14.0\vc\include\ostream(270): note: oder "std::basic_ostream<char,std::char_traits<char>> &std::basic_ostream<char,std::char_traits<char>>::operator <<(unsigned short)"
  c:\program files (x86)\microsoft visual studio 14.0\vc\include\ostream(236): note: oder "std::basic_ostream<char,std::char_traits<char>> &std::basic_ostream<char,std::char_traits<char>>::operator <<(short)"
  c:\program files (x86)\microsoft visual studio 14.0\vc\include\ostream(216): note: oder "std::basic_ostream<char,std::char_traits<char>> &std::basic_ostream<char,std::char_traits<char>>::operator <<(bool)"
  c:\program files (x86)\microsoft visual studio 14.0\vc\include\ostream(209): note: oder "std::basic_ostream<char,std::char_traits<char>> &std::basic_ostream<char,std::char_traits<char>>::operator <<(std::ios_base &(__cdecl *)(std::ios_base &))"
  c:\program files (x86)\microsoft visual studio 14.0\vc\include\ostream(202): note: oder "std::basic_ostream<char,std::char_traits<char>> &std::basic_ostream<char,std::char_traits<char>>::operator <<(std::basic_ios<char,std::char_traits<char>> &(__cdecl *)(std::basic_ios<char,std::char_traits<char>> &))"
  c:\program files (x86)\microsoft visual studio 14.0\vc\include\ostream(196): note: oder "std::basic_ostream<char,std::char_traits<char>> &std::basic_ostream<char,std::char_traits<char>>::operator <<(std::basic_ostream<char,std::char_traits<char>> &(__cdecl *)(std::basic_ostream<char,std::char_traits<char>> &))"
  c:\program files (x86)\microsoft visual studio 14.0\vc\include\ostream(1019): note: oder "std::basic_ostream<char,std::char_traits<char>> &std::operator <<<char,std::char_traits<char>>(std::basic_ostream<char,std::char_traits<char>> &,const std::error_code &)"
  c:\program files (x86)\microsoft visual studio 14.0\vc\include\ostream(981): note: oder "std::basic_ostream<char,std::char_traits<char>> &std::operator <<<char,std::char_traits<char>,Hexadezimal>(std::basic_ostream<char,std::char_traits<char>> &&,const _Ty &)"
          with
          [
              _Ty=Hexadezimal
          ]
  c:\program files (x86)\microsoft visual studio 14.0\vc\include\ostream(971): note: oder "std::basic_ostream<char,std::char_traits<char>> &std::operator <<<std::char_traits<char>>(std::basic_ostream<char,std::char_traits<char>> &,unsigned char)"
  c:\program files (x86)\microsoft visual studio 14.0\vc\include\ostream(964): note: oder "std::basic_ostream<char,std::char_traits<char>> &std::operator <<<std::char_traits<char>>(std::basic_ostream<char,std::char_traits<char>> &,const unsigned char *)"
  c:\program files (x86)\microsoft visual studio 14.0\vc\include\ostream(957): note: oder "std::basic_ostream<char,std::char_traits<char>> &std::operator <<<std::char_traits<char>>(std::basic_ostream<char,std::char_traits<char>> &,signed char)"
  c:\program files (x86)\microsoft visual studio 14.0\vc\include\ostream(950): note: oder "std::basic_ostream<char,std::char_traits<char>> &std::operator <<<std::char_traits<char>>(std::basic_ostream<char,std::char_traits<char>> &,const signed char *)"
  c:\program files (x86)\microsoft visual studio 14.0\vc\include\ostream(824): note: oder "std::basic_ostream<char,std::char_traits<char>> &std::operator <<<std::char_traits<char>>(std::basic_ostream<char,std::char_traits<char>> &,char)"
  c:\program files (x86)\microsoft visual studio 14.0\vc\include\ostream(777): note: oder "std::basic_ostream<char,std::char_traits<char>> &std::operator <<<std::char_traits<char>>(std::basic_ostream<char,std::char_traits<char>> &,const char *)"
  c:\program files (x86)\microsoft visual studio 14.0\vc\include\ostream(739): note: oder "std::basic_ostream<char,std::char_traits<char>> &std::operator <<<char,std::char_traits<char>>(std::basic_ostream<char,std::char_traits<char>> &,char)"
  c:\program files (x86)\microsoft visual studio 14.0\vc\include\ostream(692): note: oder "std::basic_ostream<char,std::char_traits<char>> &std::operator <<<char,std::char_traits<char>>(std::basic_ostream<char,std::char_traits<char>> &,const char *)"
  c:\users\x220\documents\visual studio 2015\projects\prog2ss19fügenschuh\wdhprog2aüb2\hexadezimal-main.cpp(22): note: bei Anpassung der Argumentliste "(std::ostream, Hexadezimal)"
  Code wird generiert...
